2022-01-19 09:31:28,275 [INFO   ] Form1                -------------  Starting application  ------------- 
2022-01-19 09:31:28,283 [DEBUG  ] Form1                Configuring container... 
2022-01-19 09:31:28,385 [DEBUG  ] Form1                Starting maing form... 
2022-01-19 09:31:29,132 [ERROR  ] MidiOutDevice        [SetDeviceFromId] InputDeviceException: A device ID has been used that is out of range for your system. Sanford.Multimedia.Midi.InputDeviceException: A device ID has been used that is out of range for your system.
   at Sanford.Multimedia.Midi.InputDevice..ctor(Int32 deviceID) in C:\Code\keys-teacher\SanfordMultimedia\Sanford.Multimedia.Midi\Device Classes\InputDevice Class\InputDevice.Construction.cs:line 62
   at KeysTeacher.Devices.MidiInDevice.SetDeviceFromId(Int32 deviceId) in C:\Code\keys-teacher\KeysTeacher\Devices\MidiInDevice.cs:line 97

2022-01-19 09:31:29,373 [ERROR  ] MidiOutDevice        [SetDeviceFromId] OutputDeviceException: Undefined external error. Sanford.Multimedia.Midi.OutputDeviceException: Undefined external error.
   at Sanford.Multimedia.Midi.OutputDevice..ctor(Int32 deviceID) in C:\Code\keys-teacher\SanfordMultimedia\Sanford.Multimedia.Midi\Device Classes\OutputDevice Classes\OutputDevice.cs:line 80
   at KeysTeacher.Devices.MidiOutDevice.SetDeviceFromId(Int32 deviceId) in C:\Code\keys-teacher\KeysTeacher\Devices\MidiOutDevice.cs:line 85

2022-01-19 09:48:38,713 [INFO   ] Form1                -------------  Starting application  ------------- 
2022-01-19 09:48:38,723 [DEBUG  ] Form1                Configuring container... 
2022-01-19 09:48:38,833 [DEBUG  ] Form1                Starting maing form... 
2022-01-19 09:48:39,661 [ERROR  ] MidiOutDevice        [SetDeviceFromId] InputDeviceException: A device ID has been used that is out of range for your system. Sanford.Multimedia.Midi.InputDeviceException: A device ID has been used that is out of range for your system.
   at Sanford.Multimedia.Midi.InputDevice..ctor(Int32 deviceID) in C:\Code\keys-teacher\SanfordMultimedia\Sanford.Multimedia.Midi\Device Classes\InputDevice Class\InputDevice.Construction.cs:line 62
   at KeysTeacher.Devices.MidiInDevice.SetDeviceFromId(Int32 deviceId) in C:\Code\keys-teacher\KeysTeacher\Devices\MidiInDevice.cs:line 97

2022-01-19 09:48:40,013 [ERROR  ] MidiOutDevice        [SetDeviceFromId] OutputDeviceException: Undefined external error. Sanford.Multimedia.Midi.OutputDeviceException: Undefined external error.
   at Sanford.Multimedia.Midi.OutputDevice..ctor(Int32 deviceID) in C:\Code\keys-teacher\SanfordMultimedia\Sanford.Multimedia.Midi\Device Classes\OutputDevice Classes\OutputDevice.cs:line 80
   at KeysTeacher.Devices.MidiOutDevice.SetDeviceFromId(Int32 deviceId) in C:\Code\keys-teacher\KeysTeacher\Devices\MidiOutDevice.cs:line 85

2022-01-19 09:59:26,159 [INFO   ] Form1                -------------  Starting application  ------------- 
2022-01-19 09:59:26,167 [DEBUG  ] Form1                Configuring container... 
2022-01-19 09:59:26,243 [DEBUG  ] Form1                Starting maing form... 
2022-01-19 09:59:30,272 [ERROR  ] MidiOutDevice        [SetDeviceFromId] InputDeviceException: A device ID has been used that is out of range for your system. Sanford.Multimedia.Midi.InputDeviceException: A device ID has been used that is out of range for your system.
   at Sanford.Multimedia.Midi.InputDevice..ctor(Int32 deviceID) in C:\Code\keys-teacher\SanfordMultimedia\Sanford.Multimedia.Midi\Device Classes\InputDevice Class\InputDevice.Construction.cs:line 62
   at KeysTeacher.Devices.MidiInDevice.SetDeviceFromId(Int32 deviceId) in C:\Code\keys-teacher\KeysTeacher\Devices\MidiInDevice.cs:line 97

2022-01-19 09:59:30,486 [ERROR  ] MidiOutDevice        [SetDeviceFromId] OutputDeviceException: Undefined external error. Sanford.Multimedia.Midi.OutputDeviceException: Undefined external error.
   at Sanford.Multimedia.Midi.OutputDevice..ctor(Int32 deviceID) in C:\Code\keys-teacher\SanfordMultimedia\Sanford.Multimedia.Midi\Device Classes\OutputDevice Classes\OutputDevice.cs:line 80
   at KeysTeacher.Devices.MidiOutDevice.SetDeviceFromId(Int32 deviceId) in C:\Code\keys-teacher\KeysTeacher\Devices\MidiOutDevice.cs:line 85

2022-01-19 10:07:46,123 [INFO   ] Form1                -------------  Starting application  ------------- 
2022-01-19 10:07:46,132 [DEBUG  ] Form1                Configuring container... 
2022-01-19 10:07:46,214 [DEBUG  ] Form1                Starting maing form... 
2022-01-19 10:07:46,656 [ERROR  ] MidiOutDevice        [SetDeviceFromId] InputDeviceException: A device ID has been used that is out of range for your system. Sanford.Multimedia.Midi.InputDeviceException: A device ID has been used that is out of range for your system.
   at Sanford.Multimedia.Midi.InputDevice..ctor(Int32 deviceID) in C:\Code\keys-teacher\SanfordMultimedia\Sanford.Multimedia.Midi\Device Classes\InputDevice Class\InputDevice.Construction.cs:line 62
   at KeysTeacher.Devices.MidiInDevice.SetDeviceFromId(Int32 deviceId) in C:\Code\keys-teacher\KeysTeacher\Devices\MidiInDevice.cs:line 97

2022-01-19 10:07:47,010 [ERROR  ] MidiOutDevice        [SetDeviceFromId] OutputDeviceException: Undefined external error. Sanford.Multimedia.Midi.OutputDeviceException: Undefined external error.
   at Sanford.Multimedia.Midi.OutputDevice..ctor(Int32 deviceID) in C:\Code\keys-teacher\SanfordMultimedia\Sanford.Multimedia.Midi\Device Classes\OutputDevice Classes\OutputDevice.cs:line 80
   at KeysTeacher.Devices.MidiOutDevice.SetDeviceFromId(Int32 deviceId) in C:\Code\keys-teacher\KeysTeacher\Devices\MidiOutDevice.cs:line 85

2022-01-19 10:57:51,104 [INFO   ] Form1                -------------  Starting application  ------------- 
2022-01-19 10:57:51,112 [DEBUG  ] Form1                Configuring container... 
2022-01-19 10:57:51,194 [DEBUG  ] Form1                Starting maing form... 
2022-01-19 10:57:51,727 [ERROR  ] MidiOutDevice        [SetDeviceFromId] InputDeviceException: A device ID has been used that is out of range for your system. Sanford.Multimedia.Midi.InputDeviceException: A device ID has been used that is out of range for your system.
   at Sanford.Multimedia.Midi.InputDevice..ctor(Int32 deviceID) in C:\Code\keys-teacher\SanfordMultimedia\Sanford.Multimedia.Midi\Device Classes\InputDevice Class\InputDevice.Construction.cs:line 62
   at KeysTeacher.Devices.MidiInDevice.SetDeviceFromId(Int32 deviceId) in C:\Code\keys-teacher\KeysTeacher\Devices\MidiInDevice.cs:line 97

2022-01-19 10:57:52,036 [ERROR  ] MidiOutDevice        [SetDeviceFromId] OutputDeviceException: Undefined external error. Sanford.Multimedia.Midi.OutputDeviceException: Undefined external error.
   at Sanford.Multimedia.Midi.OutputDevice..ctor(Int32 deviceID) in C:\Code\keys-teacher\SanfordMultimedia\Sanford.Multimedia.Midi\Device Classes\OutputDevice Classes\OutputDevice.cs:line 80
   at KeysTeacher.Devices.MidiOutDevice.SetDeviceFromId(Int32 deviceId) in C:\Code\keys-teacher\KeysTeacher\Devices\MidiOutDevice.cs:line 85

2022-01-19 10:58:05,367 [INFO   ] Form1                -------------  Ending Application  ------------- 
2022-01-19 10:58:49,157 [INFO   ] Form1                -------------  Starting application  ------------- 
2022-01-19 10:58:49,168 [DEBUG  ] Form1                Configuring container... 
2022-01-19 10:58:49,292 [DEBUG  ] Form1                Starting maing form... 
2022-01-19 10:59:03,875 [INFO   ] Form1                -------------  Ending Application  ------------- 
2022-01-19 11:03:06,063 [INFO   ] Form1                -------------  Starting application  ------------- 
2022-01-19 11:03:06,071 [DEBUG  ] Form1                Configuring container... 
2022-01-19 11:03:06,151 [DEBUG  ] Form1                Starting maing form... 
2022-01-19 11:03:18,424 [INFO   ] Form1                -------------  Ending Application  ------------- 
2022-01-19 11:04:28,093 [INFO   ] Form1                -------------  Starting application  ------------- 
2022-01-19 11:04:28,101 [DEBUG  ] Form1                Configuring container... 
2022-01-19 11:04:28,187 [DEBUG  ] Form1                Starting maing form... 
2022-01-19 11:05:41,353 [INFO   ] Form1                -------------  Starting application  ------------- 
2022-01-19 11:05:41,362 [DEBUG  ] Form1                Configuring container... 
2022-01-19 11:05:41,458 [DEBUG  ] Form1                Starting maing form... 
2022-01-19 11:06:05,062 [INFO   ] Form1                -------------  Ending Application  ------------- 
2022-01-19 11:06:09,275 [INFO   ] Form1                -------------  Starting application  ------------- 
2022-01-19 11:06:09,282 [DEBUG  ] Form1                Configuring container... 
2022-01-19 11:06:09,355 [DEBUG  ] Form1                Starting maing form... 
2022-01-19 11:38:18,077 [INFO   ] Form1                -------------  Starting application  ------------- 
2022-01-19 11:38:18,084 [DEBUG  ] Form1                Configuring container... 
2022-01-19 11:38:18,163 [DEBUG  ] Form1                Starting maing form... 
